#
# A fatal error has been detected by the Java Runtime Environment:
#
#  EXCEPTION_ACCESS_VIOLATION (0xc0000005) at pc=0x00007fff2c1bbe01, pid=18140, tid=46704
#
# JRE version: Java(TM) SE Runtime Environment (23.0+37) (build 23+37-2369)
# Java VM: Java HotSpot(TM) 64-Bit Server VM (23+37-2369, mixed mode, sharing, tiered, compressed oops, compressed class ptrs, g1 gc, windows-amd64)
# Problematic frame:
# C  [awt.dll+0xdbe01]
#
# No core dump will be written. Minidumps are not enabled by default on client versions of Windows
#
# If you would like to submit a bug report, please visit:
#   https://bugreport.java.com/bugreport/crash.jsp
# The crash happened outside the Java Virtual Machine in native code.
# See problematic frame for where to report the bug.
#

---------------  S U M M A R Y ------------

Command Line: -Dfile.encoding=UTF-8 -Dstdout.encoding=UTF-8 -Dstderr.encoding=UTF-8 -XX:+ShowCodeDetailsInExceptionMessages uniandes.dpoo.swing.interfaz.principal.VentanaPrincipal

Host: Intel(R) Core(TM) i5-14600KF, 20 cores, 31G,  Windows 11 , 64 bit Build 22621 (10.0.22621.4391)
Time: Tue Dec  3 19:06:48 2024 Hora est. Pacífico, Sudamérica elapsed time: 289.248136 seconds (0d 0h 4m 49s)

---------------  T H R E A D  ---------------

Current thread (0x000002cf2ae058b0):  JavaThread "AWT-Windows" daemon [_thread_in_native, id=46704, stack(0x000000cf66200000,0x000000cf66300000) (1024K)]

Stack: [0x000000cf66200000,0x000000cf66300000],  sp=0x000000cf662fede0,  free space=1019k
Native frames: (J=compiled Java code, j=interpreted, Vv=VM code, C=native code)
C  [awt.dll+0xdbe01]  (no source info available)
C  [awt.dll+0x9783c]  (no source info available)
C  [awt.dll+0x978e6]  (no source info available)
C  [awt.dll+0x94cb6]  (no source info available)
C  [awt.dll+0xe0f8c]  (no source info available)
C  [awt.dll+0xb0d3d]  (no source info available)
C  [awt.dll+0x97e1d]  (no source info available)
C  [USER32.dll+0x183f1]  (no source info available)
C  [USER32.dll+0x17c3b]  (no source info available)
C  [awt.dll+0x161c3]  (no source info available)
C  [COMCTL32.dll+0x18002]  (no source info available)
C  [COMCTL32.dll+0x17de7]  (no source info available)
C  [USER32.dll+0x183f1]  (no source info available)
C  [USER32.dll+0x17eb1]  (no source info available)
C  [awt.dll+0xd530e]  (no source info available)
C  [awt.dll+0xd7242]  (no source info available)
C  0x000002cf1517d207  (no source info available)

The last pc belongs to native method entry point (kind = native) (printed below).
Java frames: (J=compiled Java code, j=interpreted, Vv=VM code)
j  sun.awt.windows.WToolkit.eventLoop()V+0 java.desktop@23
j  sun.awt.windows.WToolkit.run()V+50 java.desktop@23
j  java.lang.Thread.runWith(Ljava/lang/Object;Ljava/lang/Runnable;)V+5 java.base@23
j  java.lang.Thread.run()V+19 java.base@23
v  ~StubRoutines::call_stub 0x000002cf15170fcd

siginfo: EXCEPTION_ACCESS_VIOLATION (0xc0000005), reading address 0xffffffffffffffff


Registers:
RAX=0xb2006e65704f7369, RBX=0x000002cf712f4c10, RCX=0x0000000000000000, RDX=0x0000000000000000
RSP=0x000000cf662fede0, RBP=0x000000cf662feee9, RSI=0x0000000062011062, RDI=0x0000000000000000
R8 =0x0000000000000001, R9 =0x0000000000000000, R10=0x0000000000000000, R11=0x0000000000000246
R12=0x0000000000000000, R13=0x0000000000000310, R14=0x0000000000000000, R15=0x0000000000000000
RIP=0x00007fff2c1bbe01, EFLAGS=0x0000000000010246


Register to memory mapping:

RAX=0xb2006e65704f7369 is an unknown value
RBX=0x000002cf712f4c10 points into unknown readable memory: 0x000002cf7115d0e0 | e0 d0 15 71 cf 02 00 00
RCX=0x0 is null
RDX=0x0 is null
RSP=0x000000cf662fede0 is pointing into the stack for thread: 0x000002cf2ae058b0
RBP=0x000000cf662feee9 is pointing into the stack for thread: 0x000002cf2ae058b0
RSI=0x0000000062011062 is an unknown value
RDI=0x0 is null
R8 =0x0000000000000001 is an unknown value
R9 =0x0 is null
R10=0x0 is null
R11=0x0000000000000246 is an unknown value
R12=0x0 is null
R13=0x0000000000000310 is an unknown value
R14=0x0 is null
R15=0x0 is null

Top of Stack: (sp=0x000000cf662fede0)
0x000000cf662fede0:   00007fff2c219838 0000000062011062
0x000000cf662fedf0:   0000000000000000 0000000000000000
0x000000cf662fee00:   0000000000000000 00007fff2c17783c
0x000000cf662fee10:   0000000062011062 000002cf71150960
0x000000cf662fee20:   000002cf712f4c10 0000000000000000
0x000000cf662fee30:   0000000000000000 00007fff2c1778e6
0x000000cf662fee40:   000002cf71150960 00007fff2c0e0000
0x000000cf662fee50:   000000000000c2e5 0000000000000000
0x000000cf662fee60:   0000000000000000 00007fff2c174cb6
0x000000cf662fee70:   000002cf71150960 0000000000000000
0x000000cf662fee80:   0000000000000001 00007fff6acd6b27
0x000000cf662fee90:   000000cf662fef50 00007fff68af6469
0x000000cf662feea0:   00007fff2c177dc0 0000000000000000
0x000000cf662feeb0:   0000000000000000 00007fff6acd8af3
0x000000cf662feec0:   0000000000000000 000000cf662fef50
0x000000cf662feed0:   000000cf662fef54 000002cf2ae05c70
0x000000cf662feee0:   000002cf71150a00 000000000000c2e5
0x000000cf662feef0:   000000000000c2e5 0000dc8260dc2892
0x000000cf662fef00:   000002cf2ac64120 0000000000000000
0x000000cf662fef10:   0000000000000000 0000000000000000
0x000000cf662fef20:   0000000000000000 0000000000000310
0x000000cf662fef30:   0000000000000000 000002cf71150960
0x000000cf662fef40:   000002cf71150960 00007fff2c1c0f8c
0x000000cf662fef50:   0000000200000002 0000000000000000
0x000000cf662fef60:   000000878b3afc47 0000392ad942d40a
0x000000cf662fef70:   0000000000000000 000000000000c2e5
0x000000cf662fef80:   0000000000000000 0000000000000000
0x000000cf662fef90:   000000cf662ff168 00007fff68af8696
0x000000cf662fefa0:   0000000000000000 00007fff6acd8af3
0x000000cf662fefb0:   ffffffffffffffeb 00007fff68afacb9
0x000000cf662fefc0:   000002cf2ae058b0 0000dc8260dc29b2
0x000000cf662fefd0:   00000000000610a2 0000000000000000 

Instructions: (pc=0x00007fff2c1bbe01)
0x00007fff2c1bbd01:   83 ec 28 66 0f 6e c2 0f 5b c0 f3 0f 59 41 48 0f
0x00007fff2c1bbd11:   5a c8 f2 0f 10 05 bd 4e 03 00 f2 0f 5c 0d e5 4e
0x00007fff2c1bbd21:   01 00 66 0f 2f c1 76 0a b8 00 00 00 80 48 83 c4
0x00007fff2c1bbd31:   28 c3 66 0f 2f 0d 65 98 02 00 76 0a b8 ff ff ff
0x00007fff2c1bbd41:   7f 48 83 c4 28 c3 0f 28 c1 e8 af 0e 01 00 f2 0f
0x00007fff2c1bbd51:   2c c0 48 83 c4 28 c3 cc cc cc cc cc cc cc cc 48
0x00007fff2c1bbd61:   83 ec 28 66 0f 6e c2 0f 5b c0 f3 0f 59 41 4c 0f
0x00007fff2c1bbd71:   5a c8 f2 0f 10 05 5d 4e 03 00 f2 0f 5c 0d 85 4e
0x00007fff2c1bbd81:   01 00 66 0f 2f c1 76 0a b8 00 00 00 80 48 83 c4
0x00007fff2c1bbd91:   28 c3 66 0f 2f 0d 05 98 02 00 76 0a b8 ff ff ff
0x00007fff2c1bbda1:   7f 48 83 c4 28 c3 0f 28 c1 e8 4f 0e 01 00 f2 0f
0x00007fff2c1bbdb1:   2c c0 48 83 c4 28 c3 cc cc cc cc cc cc cc cc 48
0x00007fff2c1bbdc1:   8b 49 08 48 85 c9 0f 85 b3 7c fe ff 33 c0 c3 48
0x00007fff2c1bbdd1:   89 5c 24 08 48 89 74 24 10 57 48 83 ec 20 8b fa
0x00007fff2c1bbde1:   48 8b f1 e8 b7 be f4 ff 48 8b d8 48 89 44 24 40
0x00007fff2c1bbdf1:   41 b8 01 00 00 00 8b d7 48 8b c8 e8 1f be f4 ff
0x00007fff2c1bbe01:   48 8b 48 08 48 85 c9 74 0d 48 8b d6 e8 6e 7c fe
0x00007fff2c1bbe11:   ff 48 8b f8 eb 02 33 ff 48 8b cb e8 3f c0 f4 ff
0x00007fff2c1bbe21:   90 48 8b c7 48 8b 5c 24 30 48 8b 74 24 38 48 83
0x00007fff2c1bbe31:   c4 20 5f c3 cc cc cc cc cc cc cc cc cc cc cc 48
0x00007fff2c1bbe41:   8b 01 89 10 c3 cc cc cc cc cc cc cc cc cc cc 40
0x00007fff2c1bbe51:   57 48 83 ec 40 48 83 79 38 00 48 8b f9 0f 84 96
0x00007fff2c1bbe61:   01 00 00 48 8b 0d b5 9f 06 00 ba 02 00 01 00 48
0x00007fff2c1bbe71:   89 5c 24 58 48 89 74 24 68 e8 40 d8 00 00 4c 8b
0x00007fff2c1bbe81:   05 12 a5 06 00 48 8b c8 48 8b 57 38 48 8b d8 4c
0x00007fff2c1bbe91:   8b 08 41 ff 91 f8 02 00 00 48 8b f0 48 85 c0 0f
0x00007fff2c1bbea1:   84 4a 01 00 00 4c 8b 0b 48 8b d0 4c 8b 05 d5 a4
0x00007fff2c1bbeb1:   06 00 48 8b cb 41 ff 91 00 01 00 00 84 c0 0f 84
0x00007fff2c1bbec1:   2b 01 00 00 48 8b 7f 08 48 8b d6 48 8b 03 48 8b
0x00007fff2c1bbed1:   cb 4c 8b 05 c7 a4 06 00 48 81 c7 00 04 00 00 48
0x00007fff2c1bbee1:   89 6c 24 60 4c 89 64 24 38 ff 90 f8 02 00 00 4c
0x00007fff2c1bbef1:   8b 0b 48 8b d6 4c 8b 05 ab a4 06 00 48 8b cb 4c 


Stack slot to memory mapping:

stack at sp + 0 slots: 0x00007fff2c219838 awt.dll
stack at sp + 1 slots: 0x0000000062011062 is an unknown value
stack at sp + 2 slots: 0x0 is null
stack at sp + 3 slots: 0x0 is null
stack at sp + 4 slots: 0x0 is null
stack at sp + 5 slots: 0x00007fff2c17783c awt.dll
stack at sp + 6 slots: 0x0000000062011062 is an unknown value
stack at sp + 7 slots: 0x000002cf71150960 points into unknown readable memory: 0x00007fff2c1ec860 | 60 c8 1e 2c ff 7f 00 00

Lock stack of current Java thread (top to bottom):

native method entry point (kind = native)  [0x000002cf1517cde0, 0x000002cf1517d938]  2904 bytes
[MachCode]
  0x000002cf1517cde0: 488b 4b08 | 0fb7 492e | 584c 8d74 | ccf8 6800 | 0000 0068 | 0000 0000 | 5055 488b | ec41 5568 
  0x000002cf1517ce00: 0000 0000 | 4c8b 6b08 | 4d8d 6d38 | 5348 8b53 | 0848 8b52 | 0848 8b52 | 1848 8b52 | 7048 8b12 
  0x000002cf1517ce20: 5248 8b53 | 1048 85d2 | 0f84 0700 | 0000 4881 | c210 0100 | 0052 488b | 5308 488b | 5208 488b 
  0x000002cf1517ce40: 5210 5249 | 8bc6 482b | c548 c1e8 | 0350 6800 | 0000 0068 | f7ff ffff | 41c6 8771 | 0400 0001 
  0x000002cf1517ce60: 488b 4310 | 4885 c074 | 208b 88cc | 0000 0083 | c102 8988 | cc00 0000 | 2388 e000 | 0000 0f84 
  0x000002cf1517ce80: 000a 0000 | e9cf 0000 | 0048 8b43 | 1848 85c0 | 0f85 b000 | 0000 e805 | 0000 00e9 | 9900 0000 
  0x000002cf1517cea0: 488b d348 | 8d44 2408 | 4c89 6dc0 | 498b cfc5 | f877 4989 | afb0 0300 | 0049 8987 | a003 0000 
  0x000002cf1517cec0: 4883 ec20 | 40f6 c40f | 0f84 1900 | 0000 4883 | ec08 48b8 | 9026 60ee | fe7f 0000 | ffd0 4883 
  0x000002cf1517cee0: c408 e90c | 0000 0048 | b890 2660 | eefe 7f00 | 00ff d048 | 83c4 2049 | c787 a003 | 0000 0000 
  0x000002cf1517cf00: 0000 49c7 | 87b0 0300 | 0000 0000 | 0049 c787 | a803 0000 | 0000 0000 | c5f8 7749 | 837f 0800 
  0x000002cf1517cf20: 0f84 0500 | 0000 e995 | 3fff ff4c | 8b6d c04c | 8b75 c84e | 8d74 f500 | c348 8b43 | 1848 85c0 
  0x000002cf1517cf40: 0f84 1200 | 0000 8b48 | 0883 c102 | 8948 0823 | 481c 0f84 | 2c09 0000 | 493b a7e8 | 0400 000f 
  0x000002cf1517cf60: 8748 0000 | 0089 8424 | 00f0 ffff | 8984 2400 | e0ff ff89 | 8424 00d0 | ffff 8984 | 2400 c0ff 
  0x000002cf1517cf80: ff89 8424 | 00b0 ffff | 8984 2400 | a0ff ff89 | 8424 0090 | ffff 8984 | 2400 80ff | ff49 3ba7 
  0x000002cf1517cfa0: e004 0000 | 7607 4989 | a7e8 0400 | 0041 c687 | 7104 0000 | 0049 ba41 | ade7 eefe | 7f00 0041 
  0x000002cf1517cfc0: 803a 000f | 843e 0000 | 0048 8b55 | e849 8bcf | 4883 ec20 | 40f6 c40f | 0f84 1900 | 0000 4883 
  0x000002cf1517cfe0: ec08 48b8 | 00ee 97ee | fe7f 0000 | ffd0 4883 | c408 e90c | 0000 0048 | b800 ee97 | eefe 7f00 
  0x000002cf1517d000: 00ff d048 | 83c4 2048 | 8b5d e84c | 8b5b 0845 | 0fb7 5b2e | 41c1 e303 | 492b e348 | 83ec 2048 
  0x000002cf1517d020: 83e4 f04c | 8b5b 604d | 85db 0f85 | ab00 0000 | e805 0000 | 00e9 9900 | 0000 488b | d348 8d44 
  0x000002cf1517d040: 2408 4c89 | 6dc0 498b | cfc5 f877 | 4989 afb0 | 0300 0049 | 8987 a003 | 0000 4883 | ec20 40f6 
  0x000002cf1517d060: c40f 0f84 | 1900 0000 | 4883 ec08 | 48b8 f04d | 60ee fe7f | 0000 ffd0 | 4883 c408 | e90c 0000 
  0x000002cf1517d080: 0048 b8f0 | 4d60 eefe | 7f00 00ff | d048 83c4 | 2049 c787 | a003 0000 | 0000 0000 | 49c7 87b0 
  0x000002cf1517d0a0: 0300 0000 | 0000 0049 | c787 a803 | 0000 0000 | 0000 c5f8 | 7749 837f | 0800 0f84 | 0500 0000 
  0x000002cf1517d0c0: e9fb 3dff | ff4c 8b6d | c04c 8b75 | c84e 8d74 | f500 c348 | 8b5d e84c | 8b5b 6041 | ffd3 488b 
  0x000002cf1517d0e0: 5de8 4889 | 4518 448b | 5b28 41f6 | c308 0f84 | 1b00 0000 | 4c8b 5b08 | 4d8b 5b08 | 4d8b 5b18 
  0x000002cf1517d100: 4d8b 5b70 | 4d8b 1b4c | 895d 1048 | 8d55 1048 | 8b43 5849 | ba50 3c98 | eefe 7f00 | 0049 3bc2 
  0x000002cf1517d120: 0f85 ab00 | 0000 e805 | 0000 00e9 | 9900 0000 | 488b d348 | 8d44 2408 | 4c89 6dc0 | 498b cfc5 
  0x000002cf1517d140: f877 4989 | afb0 0300 | 0049 8987 | a003 0000 | 4883 ec20 | 40f6 c40f | 0f84 1900 | 0000 4883 
  0x000002cf1517d160: ec08 48b8 | f04d 60ee | fe7f 0000 | ffd0 4883 | c408 e90c | 0000 0048 | b8f0 4d60 | eefe 7f00 
  0x000002cf1517d180: 00ff d048 | 83c4 2049 | c787 a003 | 0000 0000 | 0000 49c7 | 87b0 0300 | 0000 0000 | 0049 c787 
  0x000002cf1517d1a0: a803 0000 | 0000 0000 | c5f8 7749 | 837f 0800 | 0f84 0500 | 0000 e905 | 3dff ff4c | 8b6d c04c 
  0x000002cf1517d1c0: 8b75 c84e | 8d74 f500 | c348 8b5d | e848 8b43 | 5849 8d8f | c003 0000 | c5f8 7749 | 89af b003 
  0x000002cf1517d1e0: 0000 49ba | d8d1 1715 | cf02 0000 | 4d89 97a8 | 0300 0049 | 89a7 a003 | 0000 41c7 | 8744 0400 
  0x000002cf1517d200: 0004 0000 | 00ff d0c5 | f877 4883 | ec10 c5fb | 1104 2448 | 83ec 1048 | 8904 2448 | c744 2408 
  0x000002cf1517d220: 0000 0000 | 41c7 8744 | 0400 0005 | 0000 00f0 | 8344 24c0 | 0049 3baf | 4804 0000 | 0f87 0e00 
  0x000002cf1517d240: 0000 4183 | bf40 0400 | 0000 0f84 | 2000 0000 | 498b cf4c | 8be4 4883 | ec20 4883 | e4f0 48b8 
  0x000002cf1517d260: 90a9 61ee | fe7f 0000 | ffd0 498b | e44d 33e4 | 41c7 8744 | 0400 0008 | 0000 0049 | c787 a003 
  0x000002cf1517d280: 0000 0000 | 0000 49c7 | 87b0 0300 | 0000 0000 | 0049 c787 | a803 0000 | 0000 0000 | c5f8 774d 
  0x000002cf1517d2a0: 8b9f 3004 | 0000 41c7 | 8300 0100 | 0000 0000 | 0049 bbda | a517 15cf | 0200 004c | 3b5d 180f 
  0x000002cf1517d2c0: 8524 0200 | 0048 8b04 | 2448 83c4 | 1048 85c0 | 0f84 fe01 | 0000 a803 | 0f85 0800 | 0000 488b 
  0x000002cf1517d2e0: 00e9 ee01 | 0000 a801 | 0f85 0900 | 0000 488b | 40fe e9dd | 0100 0048 | 8b40 ff41 | 807f 3800 
  0x000002cf1517d300: 0f84 ce01 | 0000 4883 | f800 0f84 | c401 0000 | 4d8b 5f28 | 4983 fb00 | 0f84 1400 | 0000 4983 
  0x000002cf1517d320: eb08 4d89 | 5f28 4d03 | 5f30 4989 | 03e9 a201 | 0000 4881 | ecd0 0000 | 0048 8904 | 2448 894c 
  0x000002cf1517d340: 2408 4889 | 5424 1048 | 8974 2418 | 4889 7c24 | 204c 8944 | 2428 4c89 | 4c24 304c | 8954 2438 
  0x000002cf1517d360: 4c89 5c24 | 40c5 fb11 | 4424 50c5 | fb11 4c24 | 58c5 fb11 | 5424 60c5 | fb11 5c24 | 68c5 fb11 
  0x000002cf1517d380: 6424 70c5 | fb11 6c24 | 78c5 fb11 | b424 8000 | 0000 c5fb | 11bc 2488 | 0000 00c5 | 7b11 8424 
  0x000002cf1517d3a0: 9000 0000 | c57b 118c | 2498 0000 | 00c5 7b11 | 9424 a000 | 0000 c57b | 119c 24a8 | 0000 00c5 
  0x000002cf1517d3c0: 7b11 a424 | b000 0000 | c57b 11ac | 24b8 0000 | 00c5 7b11 | b424 c000 | 0000 c57b | 11bc 24c8 
  0x000002cf1517d3e0: 0000 0049 | 8bd7 488b | c848 83ec | 2040 f6c4 | 0f0f 8419 | 0000 0048 | 83ec 0848 | b8e0 0755 
  0x000002cf1517d400: eefe 7f00 | 00ff d048 | 83c4 08e9 | 0c00 0000 | 48b8 e007 | 55ee fe7f | 0000 ffd0 | 4883 c420 
  0x000002cf1517d420: c57b 10bc | 24c8 0000 | 00c5 7b10 | b424 c000 | 0000 c57b | 10ac 24b8 | 0000 00c5 | 7b10 a424 
  0x000002cf1517d440: b000 0000 | c57b 109c | 24a8 0000 | 00c5 7b10 | 9424 a000 | 0000 c57b | 108c 2498 | 0000 00c5 
  0x000002cf1517d460: 7b10 8424 | 9000 0000 | c5fb 10bc | 2488 0000 | 00c5 fb10 | b424 8000 | 0000 c5fb | 106c 2478 
  0x000002cf1517d480: c5fb 1064 | 2470 c5fb | 105c 2468 | c5fb 1054 | 2460 c5fb | 104c 2458 | c5fb 1044 | 2450 4c8b 
  0x000002cf1517d4a0: 5c24 404c | 8b54 2438 | 4c8b 4c24 | 304c 8b44 | 2428 488b | 7c24 2048 | 8b74 2418 | 488b 5424 
  0x000002cf1517d4c0: 1048 8b4c | 2408 488b | 0424 4881 | c4d0 0000 | 00c5 f877 | 4889 4510 | 4883 ec10 | 4889 0424 
  0x000002cf1517d4e0: 48c7 4424 | 0800 0000 | 0041 83bf | c804 0000 | 020f 85bf | 0000 0048 | 81ec 8000 | 0000 4889 
  0x000002cf1517d500: 4424 7848 | 894c 2470 | 4889 5424 | 6848 895c | 2460 4889 | 6c24 5048 | 8974 2448 | 4889 7c24 
  0x000002cf1517d520: 404c 8944 | 2438 4c89 | 4c24 304c | 8954 2428 | 4c89 5c24 | 204c 8964 | 2418 4c89 | 6c24 104c 
  0x000002cf1517d540: 8974 2408 | 4c89 3c24 | 4c8b e448 | 83ec 2048 | 83e4 f048 | b8b0 2298 | eefe 7f00 | 00ff d049 
  0x000002cf1517d560: 8be4 4c8b | 3c24 4c8b | 7424 084c | 8b6c 2410 | 4c8b 6424 | 184c 8b5c | 2420 4c8b | 5424 284c 
  0x000002cf1517d580: 8b4c 2430 | 4c8b 4424 | 3848 8b7c | 2440 488b | 7424 4848 | 8b6c 2450 | 488b 5c24 | 6048 8b54 
  0x000002cf1517d5a0: 2468 488b | 4c24 7048 | 8b44 2478 | 4881 c480 | 0000 004d | 33e4 488b | 5de8 4c8b | 6b08 4d8d 
  0x000002cf1517d5c0: 6d38 4983 | 7f08 000f | 84bb 0000 | 00e8 0500 | 0000 e996 | 0000 0048 | 8d44 2408 | 4c89 6dc0 
  0x000002cf1517d5e0: 498b cfc5 | f877 4989 | afb0 0300 | 0049 8987 | a003 0000 | 4883 ec20 | 40f6 c40f | 0f84 1900 
  0x000002cf1517d600: 0000 4883 | ec08 48b8 | 006c 60ee | fe7f 0000 | ffd0 4883 | c408 e90c | 0000 0048 | b800 6c60 
  0x000002cf1517d620: eefe 7f00 | 00ff d048 | 83c4 2049 | c787 a003 | 0000 0000 | 0000 49c7 | 87b0 0300 | 0000 0000 
  0x000002cf1517d640: 0049 c787 | a803 0000 | 0000 0000 | c5f8 7749 | 837f 0800 | 0f84 0500 | 0000 e961 | 38ff ff4c 
  0x000002cf1517d660: 8b6d c04c | 8b75 c84e | 8d74 f500 | c348 b940 | d5bf eefe | 7f00 0048 | 83e4 f048 | b860 4a86 
  0x000002cf1517d680: eefe 7f00 | 00ff d0f4 | 448b 5b28 | 41f6 c320 | 0f84 7901 | 0000 488d | 55a8 4c8b | 5a08 4d85 
  0x000002cf1517d6a0: db0f 85bb | 0000 00e8 | 0500 0000 | e996 0000 | 0048 8d44 | 2408 4c89 | 6dc0 498b | cfc5 f877 
  0x000002cf1517d6c0: 4989 afb0 | 0300 0049 | 8987 a003 | 0000 4883 | ec20 40f6 | c40f 0f84 | 1900 0000 | 4883 ec08 
  0x000002cf1517d6e0: 48b8 306b | 60ee fe7f | 0000 ffd0 | 4883 c408 | e90c 0000 | 0048 b830 | 6b60 eefe | 7f00 00ff 
  0x000002cf1517d700: d048 83c4 | 2049 c787 | a003 0000 | 0000 0000 | 49c7 87b0 | 0300 0000 | 0000 0049 | c787 a803 
  0x000002cf1517d720: 0000 0000 | 0000 c5f8 | 7749 837f | 0800 0f84 | 0500 0000 | e987 37ff | ff4c 8b6d | c04c 8b75 
  0x000002cf1517d740: c84e 8d74 | f500 c348 | b940 d5bf | eefe 7f00 | 0048 83e4 | f048 b860 | 4a86 eefe | 7f00 00ff 
  0x000002cf1517d760: d0f4 4c89 | 6dc0 4c8b | 4a08 48c7 | 4208 0000 | 0000 458b | 8718 0600 | 004f 3b4c | 07f8 0f85 
  0x000002cf1517d780: 4900 0000 | 4183 af18 | 0600 0008 | 4f3b 4c07 | f00f 842a | 0000 0049 | 8b01 a802 | 0f85 1200 
  0x000002cf1517d7a0: 0000 4c8b | c049 83c8 | 01f0 4d0f | b101 0f84 | 0d00 0000 | 4183 8718 | 0600 0008 | e90c 0000 
  0x000002cf1517d7c0: 0049 ff8f | 5005 0000 | e93e 0000 | 004c 894a | 0848 8bca | 4883 ec20 | 40f6 c40f | 0f84 1900 
  0x000002cf1517d7e0: 0000 4883 | ec08 48b8 | f03d 60ee | fe7f 0000 | ffd0 4883 | c408 e90c | 0000 0048 | b8f0 3d60 
  0x000002cf1517d800: eefe 7f00 | 00ff d048 | 83c4 204c | 8b6d c049 | ba41 ade7 | eefe 7f00 | 0041 803a | 000f 843e 
  0x000002cf1517d820: 0000 0048 | 8b55 e849 | 8bcf 4883 | ec20 40f6 | c40f 0f84 | 1900 0000 | 4883 ec08 | 48b8 00ee 
  0x000002cf1517d840: 97ee fe7f | 0000 ffd0 | 4883 c408 | e90c 0000 | 0048 b800 | ee97 eefe | 7f00 00ff | d048 83c4 
  0x000002cf1517d860: 2048 8b04 | 2448 83c4 | 10c5 fb10 | 0424 4883 | c410 4c8b | 5d18 41ff | d34c 8b5d | f8c9 5f49 
  0x000002cf1517d880: 8be3 ffe7 | ba00 0000 | 00e8 0500 | 0000 e996 | 0000 0048 | 8d44 2408 | 4c89 6dc0 | 498b cfc5 
  0x000002cf1517d8a0: f877 4989 | afb0 0300 | 0049 8987 | a003 0000 | 4883 ec20 | 40f6 c40f | 0f84 1900 | 0000 4883 
  0x000002cf1517d8c0: ec08 48b8 | a031 60ee | fe7f 0000 | ffd0 4883 | c408 e90c | 0000 0048 | b8a0 3160 | eefe 7f00 
  0x000002cf1517d8e0: 00ff d048 | 83c4 2049 | c787 a003 | 0000 0000 | 0000 49c7 | 87b0 0300 | 0000 0000 | 0049 c787 
  0x000002cf1517d900: a803 0000 | 0000 0000 | c5f8 7749 | 837f 0800 | 0f84 0500 | 0000 e9a5 | 35ff ff4c | 8b6d c04c 
  0x000002cf1517d920: 8b75 c84e | 8d74 f500 | c348 8b5d | e8e9 26f6 | ffff 660f | 1f44 0000 
[/MachCode]

---------------  P R O C E S S  ---------------

Threads class SMR info:
_java_thread_list=0x000002cf2ad719c0, length=17, elements={
0x000002cf279f5060, 0x000002cf279f5f80, 0x000002cf279fc900, 0x000002cf27a020a0,
0x000002cf27a029f0, 0x000002cf27a03950, 0x000002cf27a098d0, 0x000002cf27a0c690,
0x000002cf2ac626c0, 0x000002cf2ac66dd0, 0x000002cf2adf68c0, 0x000002cf2ae02370,
0x000002cf2ae058b0, 0x000002cf7114ffd0, 0x000002cf055e94e0, 0x000002cf7120b900,
0x000002cf712f4410
}

Java Threads: ( => current thread )
  0x000002cf279f5060 JavaThread "Reference Handler"          daemon [_thread_blocked, id=6912, stack(0x000000cf65400000,0x000000cf65500000) (1024K)]
  0x000002cf279f5f80 JavaThread "Finalizer"                  daemon [_thread_blocked, id=22672, stack(0x000000cf65500000,0x000000cf65600000) (1024K)]
  0x000002cf279fc900 JavaThread "Signal Dispatcher"          daemon [_thread_blocked, id=40800, stack(0x000000cf65600000,0x000000cf65700000) (1024K)]
  0x000002cf27a020a0 JavaThread "Attach Listener"            daemon [_thread_blocked, id=21120, stack(0x000000cf65700000,0x000000cf65800000) (1024K)]
  0x000002cf27a029f0 JavaThread "Service Thread"             daemon [_thread_blocked, id=45892, stack(0x000000cf65800000,0x000000cf65900000) (1024K)]
  0x000002cf27a03950 JavaThread "Monitor Deflation Thread"   daemon [_thread_blocked, id=30644, stack(0x000000cf65900000,0x000000cf65a00000) (1024K)]
  0x000002cf27a098d0 JavaThread "C2 CompilerThread0"         daemon [_thread_blocked, id=40224, stack(0x000000cf65a00000,0x000000cf65b00000) (1024K)]
  0x000002cf27a0c690 JavaThread "C1 CompilerThread0"         daemon [_thread_blocked, id=44616, stack(0x000000cf65b00000,0x000000cf65c00000) (1024K)]
  0x000002cf2ac626c0 JavaThread "Notification Thread"        daemon [_thread_blocked, id=3456, stack(0x000000cf65e00000,0x000000cf65f00000) (1024K)]
  0x000002cf2ac66dd0 JavaThread "Common-Cleaner"             daemon [_thread_blocked, id=23208, stack(0x000000cf65f00000,0x000000cf66000000) (1024K)]
  0x000002cf2adf68c0 JavaThread "Java2D Disposer"            daemon [_thread_blocked, id=46708, stack(0x000000cf66000000,0x000000cf66100000) (1024K)]
  0x000002cf2ae02370 JavaThread "AWT-Shutdown"                      [_thread_blocked, id=19928, stack(0x000000cf66100000,0x000000cf66200000) (1024K)]
=>0x000002cf2ae058b0 JavaThread "AWT-Windows"                daemon [_thread_in_native, id=46704, stack(0x000000cf66200000,0x000000cf66300000) (1024K)]
  0x000002cf7114ffd0 JavaThread "AWT-EventQueue-0"                  [_thread_blocked, id=6536, stack(0x000000cf66500000,0x000000cf66600000) (1024K)]
  0x000002cf055e94e0 JavaThread "DestroyJavaVM"                     [_thread_blocked, id=40632, stack(0x000000cf64c00000,0x000000cf64d00000) (1024K)]
  0x000002cf7120b900 JavaThread "D3D Screen Updater"         daemon [_thread_blocked, id=12112, stack(0x000000cf66600000,0x000000cf66700000) (1024K)]
  0x000002cf712f4410 JavaThread "TimerQueue"                 daemon [_thread_blocked, id=20032, stack(0x000000cf66700000,0x000000cf66800000) (1024K)]
Total: 17

Other Threads:
  0x000002cf279dcc50 VMThread "VM Thread"                           [id=37500, stack(0x000000cf65300000,0x000000cf65400000) (1024K)]
  0x000002cf2aac0fa0 WatcherThread "VM Periodic Task Thread"        [id=13428, stack(0x000000cf65200000,0x000000cf65300000) (1024K)]
  0x000002cf05693c40 WorkerThread "GC Thread#0"                     [id=36232, stack(0x000000cf64d00000,0x000000cf64e00000) (1024K)]
  0x000002cf056a3500 ConcurrentGCThread "G1 Main Marker"            [id=19640, stack(0x000000cf64e00000,0x000000cf64f00000) (1024K)]
  0x000002cf27862170 WorkerThread "G1 Conc#0"                       [id=37476, stack(0x000000cf64f00000,0x000000cf65000000) (1024K)]
  0x000002cf2790d0f0 ConcurrentGCThread "G1 Refine#0"               [id=45320, stack(0x000000cf65000000,0x000000cf65100000) (1024K)]
  0x000002cf2790dc70 ConcurrentGCThread "G1 Service"                [id=36752, stack(0x000000cf65100000,0x000000cf65200000) (1024K)]
Total: 7

Threads with active compile tasks:
Total: 0

VM state: not at safepoint (normal execution)

VM Mutex/Monitor currently owned by a thread: None

Heap address: 0x0000000602400000, size: 8156 MB, Compressed Oops mode: Zero based, Oop shift amount: 3

CDS archive(s) mapped at: [0x000002cf2b000000-0x000002cf2bd70000-0x000002cf2bd70000), size 14090240, SharedBaseAddress: 0x000002cf2b000000, ArchiveRelocationMode: 1.
Compressed class space mapped at: 0x000002cf2c000000-0x000002cf6c000000, reserved size: 1073741824
Narrow klass base: 0x000002cf2b000000, Narrow klass shift: 0, Narrow klass range: 0x41000000

GC Precious Log:
 CardTable entry size: 512
 Card Set container configuration: InlinePtr #cards 4 size 8 Array Of Cards #cards 32 size 80 Howl #buckets 8 coarsen threshold 7372 Howl Bitmap #cards 1024 size 144 coarsen threshold 921 Card regions per heap region 1 cards per card region 8192
 CPUs: 20 total, 20 available
 Memory: 32616M
 Large Page Support: Disabled
 NUMA Support: Disabled
 Compressed Oops: Enabled (Zero based)
 Heap Region Size: 4M
 Heap Min Capacity: 8M
 Heap Initial Capacity: 512M
 Heap Max Capacity: 8156M
 Pre-touch: Disabled
 Parallel Workers: 15
 Concurrent Workers: 4
 Concurrent Refinement Workers: 15
 Periodic GC: Disabled

Heap:
 garbage-first heap   total reserved 8351744K, committed 524288K, used 8192K [0x0000000602400000, 0x0000000800000000)
  region size 4096K, 4 young (16384K), 0 survivors (0K)
 Metaspace       used 7877K, committed 8128K, reserved 1114112K
  class space    used 922K, committed 1024K, reserved 1048576K

Heap Regions: E=young(eden), S=young(survivor), O=old, HS=humongous(starts), HC=humongous(continues), CS=collection set, F=free, TAMS=top-at-mark-start, PB=parsable bottom
|   0|0x0000000602400000, 0x0000000602400000, 0x0000000602800000|  0%| F|  |TAMS 0x0000000602400000| PB 0x0000000602400000| Untracked |  0
|   1|0x0000000602800000, 0x0000000602800000, 0x0000000602c00000|  0%| F|  |TAMS 0x0000000602800000| PB 0x0000000602800000| Untracked |  0
|   2|0x0000000602c00000, 0x0000000602c00000, 0x0000000603000000|  0%| F|  |TAMS 0x0000000602c00000| PB 0x0000000602c00000| Untracked |  0
|   3|0x0000000603000000, 0x0000000603000000, 0x0000000603400000|  0%| F|  |TAMS 0x0000000603000000| PB 0x0000000603000000| Untracked |  0
|   4|0x0000000603400000, 0x0000000603400000, 0x0000000603800000|  0%| F|  |TAMS 0x0000000603400000| PB 0x0000000603400000| Untracked |  0
|   5|0x0000000603800000, 0x0000000603800000, 0x0000000603c00000|  0%| F|  |TAMS 0x0000000603800000| PB 0x0000000603800000| Untracked |  0
|   6|0x0000000603c00000, 0x0000000603c00000, 0x0000000604000000|  0%| F|  |TAMS 0x0000000603c00000| PB 0x0000000603c00000| Untracked |  0
|   7|0x0000000604000000, 0x0000000604000000, 0x0000000604400000|  0%| F|  |TAMS 0x0000000604000000| PB 0x0000000604000000| Untracked |  0
|   8|0x0000000604400000, 0x0000000604400000, 0x0000000604800000|  0%| F|  |TAMS 0x0000000604400000| PB 0x0000000604400000| Untracked |  0
|   9|0x0000000604800000, 0x0000000604800000, 0x0000000604c00000|  0%| F|  |TAMS 0x0000000604800000| PB 0x0000000604800000| Untracked |  0
|  10|0x0000000604c00000, 0x0000000604c00000, 0x0000000605000000|  0%| F|  |TAMS 0x0000000604c00000| PB 0x0000000604c00000| Untracked |  0
|  11|0x0000000605000000, 0x0000000605000000, 0x0000000605400000|  0%| F|  |TAMS 0x0000000605000000| PB 0x0000000605000000| Untracked |  0
|  12|0x0000000605400000, 0x0000000605400000, 0x0000000605800000|  0%| F|  |TAMS 0x0000000605400000| PB 0x0000000605400000| Untracked |  0
|  13|0x0000000605800000, 0x0000000605800000, 0x0000000605c00000|  0%| F|  |TAMS 0x0000000605800000| PB 0x0000000605800000| Untracked |  0
|  14|0x0000000605c00000, 0x0000000605c00000, 0x0000000606000000|  0%| F|  |TAMS 0x0000000605c00000| PB 0x0000000605c00000| Untracked |  0
|  15|0x0000000606000000, 0x0000000606000000, 0x0000000606400000|  0%| F|  |TAMS 0x0000000606000000| PB 0x0000000606000000| Untracked |  0
|  16|0x0000000606400000, 0x0000000606400000, 0x0000000606800000|  0%| F|  |TAMS 0x0000000606400000| PB 0x0000000606400000| Untracked |  0
|  17|0x0000000606800000, 0x0000000606800000, 0x0000000606c00000|  0%| F|  |TAMS 0x0000000606800000| PB 0x0000000606800000| Untracked |  0
|  18|0x0000000606c00000, 0x0000000606c00000, 0x0000000607000000|  0%| F|  |TAMS 0x0000000606c00000| PB 0x0000000606c00000| Untracked |  0
|  19|0x0000000607000000, 0x0000000607000000, 0x0000000607400000|  0%| F|  |TAMS 0x0000000607000000| PB 0x0000000607000000| Untracked |  0
|  20|0x0000000607400000, 0x0000000607400000, 0x0000000607800000|  0%| F|  |TAMS 0x0000000607400000| PB 0x0000000607400000| Untracked |  0
|  21|0x0000000607800000, 0x0000000607800000, 0x0000000607c00000|  0%| F|  |TAMS 0x0000000607800000| PB 0x0000000607800000| Untracked |  0
|  22|0x0000000607c00000, 0x0000000607c00000, 0x0000000608000000|  0%| F|  |TAMS 0x0000000607c00000| PB 0x0000000607c00000| Untracked |  0
|  23|0x0000000608000000, 0x0000000608000000, 0x0000000608400000|  0%| F|  |TAMS 0x0000000608000000| PB 0x0000000608000000| Untracked |  0
|  24|0x0000000608400000, 0x0000000608400000, 0x0000000608800000|  0%| F|  |TAMS 0x0000000608400000| PB 0x0000000608400000| Untracked |  0
|  25|0x0000000608800000, 0x0000000608800000, 0x0000000608c00000|  0%| F|  |TAMS 0x0000000608800000| PB 0x0000000608800000| Untracked |  0
|  26|0x0000000608c00000, 0x0000000608c00000, 0x0000000609000000|  0%| F|  |TAMS 0x0000000608c00000| PB 0x0000000608c00000| Untracked |  0
|  27|0x0000000609000000, 0x0000000609000000, 0x0000000609400000|  0%| F|  |TAMS 0x0000000609000000| PB 0x0000000609000000| Untracked |  0
|  28|0x0000000609400000, 0x0000000609400000, 0x0000000609800000|  0%| F|  |TAMS 0x0000000609400000| PB 0x0000000609400000| Untracked |  0
|  29|0x0000000609800000, 0x0000000609800000, 0x0000000609c00000|  0%| F|  |TAMS 0x0000000609800000| PB 0x0000000609800000| Untracked |  0
|  30|0x0000000609c00000, 0x0000000609c00000, 0x000000060a000000|  0%| F|  |TAMS 0x0000000609c00000| PB 0x0000000609c00000| Untracked |  0
|  31|0x000000060a000000, 0x000000060a000000, 0x000000060a400000|  0%| F|  |TAMS 0x000000060a000000| PB 0x000000060a000000| Untracked |  0
|  32|0x000000060a400000, 0x000000060a400000, 0x000000060a800000|  0%| F|  |TAMS 0x000000060a400000| PB 0x000000060a400000| Untracked |  0
|  33|0x000000060a800000, 0x000000060a800000, 0x000000060ac00000|  0%| F|  |TAMS 0x000000060a800000| PB 0x000000060a800000| Untracked |  0
|  34|0x000000060ac00000, 0x000000060ac00000, 0x000000060b000000|  0%| F|  |TAMS 0x000000060ac00000| PB 0x000000060ac00000| Untracked |  0
|  35|0x000000060b000000, 0x000000060b000000, 0x000000060b400000|  0%| F|  |TAMS 0x000000060b000000| PB 0x000000060b000000| Untracked |  0
|  36|0x000000060b400000, 0x000000060b400000, 0x000000060b800000|  0%| F|  |TAMS 0x000000060b400000| PB 0x000000060b400000| Untracked |  0
|  37|0x000000060b800000, 0x000000060b800000, 0x000000060bc00000|  0%| F|  |TAMS 0x000000060b800000| PB 0x000000060b800000| Untracked |  0
|  38|0x000000060bc00000, 0x000000060bc00000, 0x000000060c000000|  0%| F|  |TAMS 0x000000060bc00000| PB 0x000000060bc00000| Untracked |  0
|  39|0x000000060c000000, 0x000000060c000000, 0x000000060c400000|  0%| F|  |TAMS 0x000000060c000000| PB 0x000000060c000000| Untracked |  0
|  40|0x000000060c400000, 0x000000060c400000, 0x000000060c800000|  0%| F|  |TAMS 0x000000060c400000| PB 0x000000060c400000| Untracked |  0
|  41|0x000000060c800000, 0x000000060c800000, 0x000000060cc00000|  0%| F|  |TAMS 0x000000060c800000| PB 0x000000060c800000| Untracked |  0
|  42|0x000000060cc00000, 0x000000060cc00000, 0x000000060d000000|  0%| F|  |TAMS 0x000000060cc00000| PB 0x000000060cc00000| Untracked |  0
|  43|0x000000060d000000, 0x000000060d000000, 0x000000060d400000|  0%| F|  |TAMS 0x000000060d000000| PB 0x000000060d000000| Untracked |  0
|  44|0x000000060d400000, 0x000000060d400000, 0x000000060d800000|  0%| F|  |TAMS 0x000000060d400000| PB 0x000000060d400000| Untracked |  0
|  45|0x000000060d800000, 0x000000060d800000, 0x000000060dc00000|  0%| F|  |TAMS 0x000000060d800000| PB 0x000000060d800000| Untracked |  0
|  46|0x000000060dc00000, 0x000000060dc00000, 0x000000060e000000|  0%| F|  |TAMS 0x000000060dc00000| PB 0x000000060dc00000| Untracked |  0
|  47|0x000000060e000000, 0x000000060e000000, 0x000000060e400000|  0%| F|  |TAMS 0x000000060e000000| PB 0x000000060e000000| Untracked |  0
|  48|0x000000060e400000, 0x000000060e400000, 0x000000060e800000|  0%| F|  |TAMS 0x000000060e400000| PB 0x000000060e400000| Untracked |  0
|  49|0x000000060e800000, 0x000000060e800000, 0x000000060ec00000|  0%| F|  |TAMS 0x000000060e800000| PB 0x000000060e800000| Untracked |  0
|  50|0x000000060ec00000, 0x000000060ec00000, 0x000000060f000000|  0%| F|  |TAMS 0x000000060ec00000| PB 0x000000060ec00000| Untracked |  0
|  51|0x000000060f000000, 0x000000060f000000, 0x000000060f400000|  0%| F|  |TAMS 0x000000060f000000| PB 0x000000060f000000| Untracked |  0
|  52|0x000000060f400000, 0x000000060f400000, 0x000000060f800000|  0%| F|  |TAMS 0x000000060f400000| PB 0x000000060f400000| Untracked |  0
|  53|0x000000060f800000, 0x000000060f800000, 0x000000060fc00000|  0%| F|  |TAMS 0x000000060f800000| PB 0x000000060f800000| Untracked |  0
|  54|0x000000060fc00000, 0x000000060fc00000, 0x0000000610000000|  0%| F|  |TAMS 0x000000060fc00000| PB 0x000000060fc00000| Untracked |  0
|  55|0x0000000610000000, 0x0000000610000000, 0x0000000610400000|  0%| F|  |TAMS 0x0000000610000000| PB 0x0000000610000000| Untracked |  0
|  56|0x0000000610400000, 0x0000000610400000, 0x0000000610800000|  0%| F|  |TAMS 0x0000000610400000| PB 0x0000000610400000| Untracked |  0
|  57|0x0000000610800000, 0x0000000610800000, 0x0000000610c00000|  0%| F|  |TAMS 0x0000000610800000| PB 0x0000000610800000| Untracked |  0
|  58|0x0000000610c00000, 0x0000000610c00000, 0x0000000611000000|  0%| F|  |TAMS 0x0000000610c00000| PB 0x0000000610c00000| Untracked |  0
|  59|0x0000000611000000, 0x0000000611000000, 0x0000000611400000|  0%| F|  |TAMS 0x0000000611000000| PB 0x0000000611000000| Untracked |  0
|  60|0x0000000611400000, 0x0000000611400000, 0x0000000611800000|  0%| F|  |TAMS 0x0000000611400000| PB 0x0000000611400000| Untracked |  0
|  61|0x0000000611800000, 0x0000000611800000, 0x0000000611c00000|  0%| F|  |TAMS 0x0000000611800000| PB 0x0000000611800000| Untracked |  0
|  62|0x0000000611c00000, 0x0000000611c00000, 0x0000000612000000|  0%| F|  |TAMS 0x0000000611c00000| PB 0x0000000611c00000| Untracked |  0
|  63|0x0000000612000000, 0x0000000612000000, 0x0000000612400000|  0%| F|  |TAMS 0x0000000612000000| PB 0x0000000612000000| Untracked |  0
|  64|0x0000000612400000, 0x0000000612400000, 0x0000000612800000|  0%| F|  |TAMS 0x0000000612400000| PB 0x0000000612400000| Untracked |  0
|  65|0x0000000612800000, 0x0000000612800000, 0x0000000612c00000|  0%| F|  |TAMS 0x0000000612800000| PB 0x0000000612800000| Untracked |  0
|  66|0x0000000612c00000, 0x0000000612c00000, 0x0000000613000000|  0%| F|  |TAMS 0x0000000612c00000| PB 0x0000000612c00000| Untracked |  0
|  67|0x0000000613000000, 0x0000000613000000, 0x0000000613400000|  0%| F|  |TAMS 0x0000000613000000| PB 0x0000000613000000| Untracked |  0
|  68|0x0000000613400000, 0x0000000613400000, 0x0000000613800000|  0%| F|  |TAMS 0x0000000613400000| PB 0x0000000613400000| Untracked |  0
|  69|0x0000000613800000, 0x0000000613800000, 0x0000000613c00000|  0%| F|  |TAMS 0x0000000613800000| PB 0x0000000613800000| Untracked |  0
|  70|0x0000000613c00000, 0x0000000613c00000, 0x0000000614000000|  0%| F|  |TAMS 0x0000000613c00000| PB 0x0000000613c00000| Untracked |  0
|  71|0x0000000614000000, 0x0000000614000000, 0x0000000614400000|  0%| F|  |TAMS 0x0000000614000000| PB 0x0000000614000000| Untracked |  0
|  72|0x0000000614400000, 0x0000000614400000, 0x0000000614800000|  0%| F|  |TAMS 0x0000000614400000| PB 0x0000000614400000| Untracked |  0
|  73|0x0000000614800000, 0x0000000614800000, 0x0000000614c00000|  0%| F|  |TAMS 0x0000000614800000| PB 0x0000000614800000| Untracked |  0
|  74|0x0000000614c00000, 0x0000000614c00000, 0x0000000615000000|  0%| F|  |TAMS 0x0000000614c00000| PB 0x0000000614c00000| Untracked |  0
|  75|0x0000000615000000, 0x0000000615000000, 0x0000000615400000|  0%| F|  |TAMS 0x0000000615000000| PB 0x0000000615000000| Untracked |  0
|  76|0x0000000615400000, 0x0000000615400000, 0x0000000615800000|  0%| F|  |TAMS 0x0000000615400000| PB 0x0000000615400000| Untracked |  0
|  77|0x0000000615800000, 0x0000000615800000, 0x0000000615c00000|  0%| F|  |TAMS 0x0000000615800000| PB 0x0000000615800000| Untracked |  0
|  78|0x0000000615c00000, 0x0000000615c00000, 0x0000000616000000|  0%| F|  |TAMS 0x0000000615c00000| PB 0x0000000615c00000| Untracked |  0
|  79|0x0000000616000000, 0x0000000616000000, 0x0000000616400000|  0%| F|  |TAMS 0x0000000616000000| PB 0x0000000616000000| Untracked |  0
|  80|0x0000000616400000, 0x0000000616400000, 0x0000000616800000|  0%| F|  |TAMS 0x0000000616400000| PB 0x0000000616400000| Untracked |  0
|  81|0x0000000616800000, 0x0000000616800000, 0x0000000616c00000|  0%| F|  |TAMS 0x0000000616800000| PB 0x0000000616800000| Untracked |  0
|  82|0x0000000616c00000, 0x0000000616c00000, 0x0000000617000000|  0%| F|  |TAMS 0x0000000616c00000| PB 0x0000000616c00000| Untracked |  0
|  83|0x0000000617000000, 0x0000000617000000, 0x0000000617400000|  0%| F|  |TAMS 0x0000000617000000| PB 0x0000000617000000| Untracked |  0
|  84|0x0000000617400000, 0x0000000617400000, 0x0000000617800000|  0%| F|  |TAMS 0x0000000617400000| PB 0x0000000617400000| Untracked |  0
|  85|0x0000000617800000, 0x0000000617800000, 0x0000000617c00000|  0%| F|  |TAMS 0x0000000617800000| PB 0x0000000617800000| Untracked |  0
|  86|0x0000000617c00000, 0x0000000617c00000, 0x0000000618000000|  0%| F|  |TAMS 0x0000000617c00000| PB 0x0000000617c00000| Untracked |  0
|  87|0x0000000618000000, 0x0000000618000000, 0x0000000618400000|  0%| F|  |TAMS 0x0000000618000000| PB 0x0000000618000000| Untracked |  0
|  88|0x0000000618400000, 0x0000000618400000, 0x0000000618800000|  0%| F|  |TAMS 0x0000000618400000| PB 0x0000000618400000| Untracked |  0
|  89|0x0000000618800000, 0x0000000618800000, 0x0000000618c00000|  0%| F|  |TAMS 0x0000000618800000| PB 0x0000000618800000| Untracked |  0
|  90|0x0000000618c00000, 0x0000000618c00000, 0x0000000619000000|  0%| F|  |TAMS 0x0000000618c00000| PB 0x0000000618c00000| Untracked |  0
|  91|0x0000000619000000, 0x0000000619000000, 0x0000000619400000|  0%| F|  |TAMS 0x0000000619000000| PB 0x0000000619000000| Untracked |  0
|  92|0x0000000619400000, 0x0000000619400000, 0x0000000619800000|  0%| F|  |TAMS 0x0000000619400000| PB 0x0000000619400000| Untracked |  0
|  93|0x0000000619800000, 0x0000000619800000, 0x0000000619c00000|  0%| F|  |TAMS 0x0000000619800000| PB 0x0000000619800000| Untracked |  0
|  94|0x0000000619c00000, 0x0000000619c00000, 0x000000061a000000|  0%| F|  |TAMS 0x0000000619c00000| PB 0x0000000619c00000| Untracked |  0
|  95|0x000000061a000000, 0x000000061a000000, 0x000000061a400000|  0%| F|  |TAMS 0x000000061a000000| PB 0x000000061a000000| Untracked |  0
|  96|0x000000061a400000, 0x000000061a400000, 0x000000061a800000|  0%| F|  |TAMS 0x000000061a400000| PB 0x000000061a400000| Untracked |  0
|  97|0x000000061a800000, 0x000000061a800000, 0x000000061ac00000|  0%| F|  |TAMS 0x000000061a800000| PB 0x000000061a800000| Untracked |  0
|  98|0x000000061ac00000, 0x000000061ac00000, 0x000000061b000000|  0%| F|  |TAMS 0x000000061ac00000| PB 0x000000061ac00000| Untracked |  0
|  99|0x000000061b000000, 0x000000061b000000, 0x000000061b400000|  0%| F|  |TAMS 0x000000061b000000| PB 0x000000061b000000| Untracked |  0
| 100|0x000000061b400000, 0x000000061b400000, 0x000000061b800000|  0%| F|  |TAMS 0x000000061b400000| PB 0x000000061b400000| Untracked |  0
| 101|0x000000061b800000, 0x000000061b800000, 0x000000061bc00000|  0%| F|  |TAMS 0x000000061b800000| PB 0x000000061b800000| Untracked |  0
| 102|0x000000061bc00000, 0x000000061bc00000, 0x000000061c000000|  0%| F|  |TAMS 0x000000061bc00000| PB 0x000000061bc00000| Untracked |  0
| 103|0x000000061c000000, 0x000000061c000000, 0x000000061c400000|  0%| F|  |TAMS 0x000000061c000000| PB 0x000000061c000000| Untracked |  0
| 104|0x000000061c400000, 0x000000061c400000, 0x000000061c800000|  0%| F|  |TAMS 0x000000061c400000| PB 0x000000061c400000| Untracked |  0
| 105|0x000000061c800000, 0x000000061c800000, 0x000000061cc00000|  0%| F|  |TAMS 0x000000061c800000| PB 0x000000061c800000| Untracked |  0
| 106|0x000000061cc00000, 0x000000061cc00000, 0x000000061d000000|  0%| F|  |TAMS 0x000000061cc00000| PB 0x000000061cc00000| Untracked |  0
| 107|0x000000061d000000, 0x000000061d000000, 0x000000061d400000|  0%| F|  |TAMS 0x000000061d000000| PB 0x000000061d000000| Untracked |  0
| 108|0x000000061d400000, 0x000000061d400000, 0x000000061d800000|  0%| F|  |TAMS 0x000000061d400000| PB 0x000000061d400000| Untracked |  0
| 109|0x000000061d800000, 0x000000061d800000, 0x000000061dc00000|  0%| F|  |TAMS 0x000000061d800000| PB 0x000000061d800000| Untracked |  0
| 110|0x000000061dc00000, 0x000000061dc00000, 0x000000061e000000|  0%| F|  |TAMS 0x000000061dc00000| PB 0x000000061dc00000| Untracked |  0
| 111|0x000000061e000000, 0x000000061e000000, 0x000000061e400000|  0%| F|  |TAMS 0x000000061e000000| PB 0x000000061e000000| Untracked |  0
| 112|0x000000061e400000, 0x000000061e400000, 0x000000061e800000|  0%| F|  |TAMS 0x000000061e400000| PB 0x000000061e400000| Untracked |  0
| 113|0x000000061e800000, 0x000000061e800000, 0x000000061ec00000|  0%| F|  |TAMS 0x000000061e800000| PB 0x000000061e800000| Untracked |  0
| 114|0x000000061ec00000, 0x000000061ec00000, 0x000000061f000000|  0%| F|  |TAMS 0x000000061ec00000| PB 0x000000061ec00000| Untracked |  0
| 115|0x000000061f000000, 0x000000061f000000, 0x000000061f400000|  0%| F|  |TAMS 0x000000061f000000| PB 0x000000061f000000| Untracked |  0
| 116|0x000000061f400000, 0x000000061f400000, 0x000000061f800000|  0%| F|  |TAMS 0x000000061f400000| PB 0x000000061f400000| Untracked |  0
| 117|0x000000061f800000, 0x000000061f800000, 0x000000061fc00000|  0%| F|  |TAMS 0x000000061f800000| PB 0x000000061f800000| Untracked |  0
| 118|0x000000061fc00000, 0x000000061fc00000, 0x0000000620000000|  0%| F|  |TAMS 0x000000061fc00000| PB 0x000000061fc00000| Untracked |  0
| 119|0x0000000620000000, 0x0000000620000000, 0x0000000620400000|  0%| F|  |TAMS 0x0000000620000000| PB 0x0000000620000000| Untracked |  0
| 120|0x0000000620400000, 0x0000000620400000, 0x0000000620800000|  0%| F|  |TAMS 0x0000000620400000| PB 0x0000000620400000| Untracked |  0
| 121|0x0000000620800000, 0x0000000620800000, 0x0000000620c00000|  0%| F|  |TAMS 0x0000000620800000| PB 0x0000000620800000| Untracked |  0
| 122|0x0000000620c00000, 0x0000000620c00000, 0x0000000621000000|  0%| F|  |TAMS 0x0000000620c00000| PB 0x0000000620c00000| Untracked |  0
| 123|0x0000000621000000, 0x0000000621000000, 0x0000000621400000|  0%| F|  |TAMS 0x0000000621000000| PB 0x0000000621000000| Untracked |  0
| 124|0x0000000621400000, 0x00000006214d34d8, 0x0000000621800000| 20%| E|  |TAMS 0x0000000621400000| PB 0x0000000621400000| Complete |  0
| 125|0x0000000621800000, 0x0000000621b922e0, 0x0000000621c00000| 89%| E|  |TAMS 0x0000000621800000| PB 0x0000000621800000| Complete |  0
| 126|0x0000000621c00000, 0x0000000622000000, 0x0000000622000000|100%| E|CS|TAMS 0x0000000621c00000| PB 0x0000000621c00000| Complete |  0
| 127|0x0000000622000000, 0x0000000622400000, 0x0000000622400000|100%| E|CS|TAMS 0x0000000622000000| PB 0x0000000622000000| Complete |  0

Card table byte_map: [0x000002cf1e7b0000,0x000002cf1f7a0000] _byte_map_base: 0x000002cf1b79e000

Marking Bits: (CMBitMap*) 0x000002cf05694350
 Bits: [0x000002cf1f7a0000, 0x000002cf27710000)

Polling page: 0x000002cf03390000

Metaspace:

Usage:
  Non-class:      6.79 MB used.
      Class:    922.78 KB used.
       Both:      7.69 MB used.

Virtual space:
  Non-class space:       64.00 MB reserved,       6.94 MB ( 11%) committed,  1 nodes.
      Class space:        1.00 GB reserved,       1.00 MB ( <1%) committed,  1 nodes.
             Both:        1.06 GB reserved,       7.94 MB ( <1%) committed. 

Chunk freelists:
   Non-Class:  9.00 MB
       Class:  15.05 MB
        Both:  24.05 MB

MaxMetaspaceSize: unlimited
CompressedClassSpaceSize: 1.00 GB
Initial GC threshold: 21.00 MB
Current GC threshold: 21.00 MB
CDS: on
 - commit_granule_bytes: 65536.
 - commit_granule_words: 8192.
 - virtual_space_node_default_size: 8388608.
 - enlarge_chunks_in_place: 1.
 - use_allocation_guard: 0.


Internal statistics:

num_allocs_failed_limit: 0.
num_arena_births: 144.
num_arena_deaths: 0.
num_vsnodes_births: 2.
num_vsnodes_deaths: 0.
num_space_committed: 127.
num_space_uncommitted: 0.
num_chunks_returned_to_freelist: 0.
num_chunks_taken_from_freelist: 191.
num_chunk_merges: 0.
num_chunk_splits: 111.
num_chunks_enlarged: 40.
num_inconsistent_stats: 0.

CodeHeap 'non-profiled nmethods': size=119232Kb used=244Kb max_used=244Kb free=118987Kb
 bounds [0x000002cf158b0000, 0x000002cf15b20000, 0x000002cf1cd20000]
CodeHeap 'profiled nmethods': size=119104Kb used=1166Kb max_used=1166Kb free=117937Kb
 bounds [0x000002cf0dd20000, 0x000002cf0df90000, 0x000002cf15170000]
CodeHeap 'non-nmethods': size=7424Kb used=1525Kb max_used=2649Kb free=5898Kb
 bounds [0x000002cf15170000, 0x000002cf15410000, 0x000002cf158b0000]
CodeCache: size=245760Kb, used=2935Kb, max_used=4059Kb, free=242822Kb
 total_blobs=1592, nmethods=983, adapters=515, full_count=0
Compilation: enabled, stopped_count=0, restarted_count=0

Compilation events (20 events):
Event: 248.684 Thread 0x000002cf27a0c690  971       1       java.awt.image.Raster::getMinY (5 bytes)
Event: 248.684 Thread 0x000002cf70f51510  970       1       java.awt.image.Raster::getMinX (5 bytes)
Event: 248.684 Thread 0x000002cf27a0c690 nmethod 971 0x000002cf158ec708 code [0x000002cf158ec820, 0x000002cf158ec8e8]
Event: 248.684 Thread 0x000002cf27a0c690  973  s    3       java.awt.ColorPaintContext::getRaster (88 bytes)
Event: 248.684 Thread 0x000002cf70f51510 nmethod 970 0x000002cf158eca08 code [0x000002cf158ecb20, 0x000002cf158ecbe8]
Event: 248.684 Thread 0x000002cf70f51510  974       3       sun.java2d.loops.Blit$GeneralMaskBlit::Blit (28 bytes)
Event: 248.684 Thread 0x000002cf70f51510 nmethod 974 0x000002cf0de41788 code [0x000002cf0de418a0, 0x000002cf0de41ae0]
Event: 248.684 Thread 0x000002cf70f51510  976       3       sun.java2d.pipe.RegionIterator::copyStateFrom (38 bytes)
Event: 248.684 Thread 0x000002cf70f51510 nmethod 976 0x000002cf0de41b08 code [0x000002cf0de41c40, 0x000002cf0de41e78]
Event: 248.684 Thread 0x000002cf70f51510  979       1       java.awt.Component::getX (5 bytes)
Event: 248.684 Thread 0x000002cf70f51510 nmethod 979 0x000002cf158ecd08 code [0x000002cf158ece20, 0x000002cf158ecee8]
Event: 248.684 Thread 0x000002cf70f51510  980       1       java.awt.Component::getY (5 bytes)
Event: 248.684 Thread 0x000002cf27a0c690 nmethod 973 0x000002cf0de41e88 code [0x000002cf0de42020, 0x000002cf0de42850]
Event: 248.684 Thread 0x000002cf70f51510 nmethod 980 0x000002cf158ed008 code [0x000002cf158ed120, 0x000002cf158ed1e8]
Event: 289.134 Thread 0x000002cf27a0c690  981       3       java.util.HashMap$EntryIterator::next (5 bytes)
Event: 289.134 Thread 0x000002cf27a0c690 nmethod 981 0x000002cf0de42908 code [0x000002cf0de42a40, 0x000002cf0de42bd8]
Event: 289.134 Thread 0x000002cf27a0c690  982       3       java.util.HashMap$EntryIterator::next (5 bytes)
Event: 289.134 Thread 0x000002cf27a0c690 nmethod 982 0x000002cf0de42c08 code [0x000002cf0de42d20, 0x000002cf0de42e58]
Event: 289.134 Thread 0x000002cf27a0c690  983       3       java.beans.PropertyChangeSupport::firePropertyChange (35 bytes)
Event: 289.135 Thread 0x000002cf27a0c690 nmethod 983 0x000002cf0de42f08 code [0x000002cf0de43080, 0x000002cf0de43810]

GC Heap History (0 events):
No events

Dll operation events (8 events):
Event: 0.004 Loaded shared library C:\Program Files\Java\jdk-23\bin\java.dll
Event: 0.020 Loaded shared library C:\Program Files\Java\jdk-23\bin\jsvml.dll
Event: 0.035 Loaded shared library C:\Program Files\Java\jdk-23\bin\jimage.dll
Event: 0.043 Loaded shared library C:\Program Files\Java\jdk-23\bin\awt.dll
Event: 0.210 Loaded shared library C:\Program Files\Java\jdk-23\bin\freetype.dll
Event: 0.211 Loaded shared library C:\Program Files\Java\jdk-23\bin\fontmanager.dll
Event: 0.224 Loaded shared library C:\Program Files\Java\jdk-23\bin\net.dll
Event: 0.225 Loaded shared library C:\Program Files\Java\jdk-23\bin\nio.dll

Deoptimization events (0 events):
No events

Classes loaded (20 events):
Event: 248.568 Loading class sun/java2d/loops/DrawGlyphListColor
Event: 248.568 Loading class sun/java2d/loops/DrawGlyphListColor done
Event: 248.568 Loading class sun/java2d/loops/DrawGlyphListColor$General
Event: 248.568 Loading class sun/java2d/loops/DrawGlyphListColor$General done
Event: 248.568 Loading class sun/java2d/loops/Blit$GeneralMaskBlit
Event: 248.568 Loading class sun/java2d/loops/Blit$GeneralMaskBlit done
Event: 248.568 Loading class javax/swing/RepaintManager$DisplayChangedRunnable
Event: 248.568 Loading class javax/swing/RepaintManager$DisplayChangedRunnable done
Event: 248.679 Loading class sun/awt/image/BufferedImageDevice
Event: 248.679 Loading class sun/awt/image/BufferedImageDevice done
Event: 248.680 Loading class java/awt/geom/Path2D$Float$TxIterator
Event: 248.680 Loading class java/awt/geom/Path2D$Float$TxIterator done
Event: 248.680 Loading class java/awt/ColorPaintContext
Event: 248.680 Loading class java/awt/PaintContext
Event: 248.680 Loading class java/awt/PaintContext done
Event: 248.680 Loading class java/awt/ColorPaintContext done
Event: 248.680 Loading class sun/java2d/pipe/AlphaPaintPipe$TileContext
Event: 248.680 Loading class sun/java2d/pipe/AlphaPaintPipe$TileContext done
Event: 248.680 Loading class sun/java2d/pipe/RegionClipSpanIterator
Event: 248.680 Loading class sun/java2d/pipe/RegionClipSpanIterator done

Classes unloaded (0 events):
No events

Classes redefined (0 events):
No events

Internal exceptions (11 events):
Event: 0.039 Thread 0x000002cf055e94e0 Exception <a 'java/lang/ClassNotFoundException'{0x00000006221cbe50}: sun/awt/resources/spi/awtProvider> (0x00000006221cbe50) 
thrown [s\open\src\hotspot\share\classfile\systemDictionary.cpp, line 313]
Event: 0.048 Thread 0x000002cf055e94e0 Exception <a 'java/io/FileNotFoundException'{0x00000006223915a0}> (0x00000006223915a0) 
thrown [s\open\src\hotspot\share\prims\jni.cpp, line 520]
Event: 0.051 Thread 0x000002cf055e94e0 Exception <a 'java/io/FileNotFoundException'{0x00000006223bf928}> (0x00000006223bf928) 
thrown [s\open\src\hotspot\share\prims\jni.cpp, line 520]
Event: 0.167 Thread 0x000002cf055e94e0 Exception <a 'java/lang/NoSuchMethodError'{0x0000000621c5f600}: 'void java.lang.invoke.DirectMethodHandle$Holder.invokeSpecial(java.lang.Object, java.lang.Object, java.lang.Object)'> (0x0000000621c5f600) 
thrown [s\open\src\hotspot\share\interpreter\linkResolver.cpp, line 796]
Event: 0.173 Thread 0x000002cf055e94e0 Exception <a 'java/lang/NoSuchMethodError'{0x0000000621da50f8}: 'java.lang.Object java.lang.invoke.DirectMethodHandle$Holder.invokeStatic(java.lang.Object, int, java.lang.Object)'> (0x0000000621da50f8) 
thrown [s\open\src\hotspot\share\interpreter\linkResolver.cpp, line 796]
Event: 0.182 Thread 0x000002cf055e94e0 Exception <a 'java/lang/ClassNotFoundException'{0x0000000621e47908}: com/sun/swing/internal/plaf/metal/resources/spi/metalProvider> (0x0000000621e47908) 
thrown [s\open\src\hotspot\share\classfile\systemDictionary.cpp, line 313]
Event: 0.182 Thread 0x000002cf055e94e0 Exception <a 'java/lang/ClassNotFoundException'{0x0000000621e4b948}: com/sun/swing/internal/plaf/basic/resources/spi/basicProvider> (0x0000000621e4b948) 
thrown [s\open\src\hotspot\share\classfile\systemDictionary.cpp, line 313]
Event: 0.186 Thread 0x000002cf055e94e0 Exception <a 'java/lang/NoSuchMethodError'{0x0000000621e6bd08}: 'int java.lang.invoke.Invokers$Holder.invokeExact_MT(java.lang.Object, java.lang.Object)'> (0x0000000621e6bd08) 
thrown [s\open\src\hotspot\share\interpreter\linkResolver.cpp, line 796]
Event: 0.188 Thread 0x000002cf055e94e0 Exception <a 'java/lang/NoSuchMethodError'{0x0000000621e775e8}: 'void java.lang.invoke.DirectMethodHandle$Holder.invokeStatic(java.lang.Object, java.lang.Object)'> (0x0000000621e775e8) 
thrown [s\open\src\hotspot\share\interpreter\linkResolver.cpp, line 796]
Event: 0.208 Thread 0x000002cf055e94e0 Exception <a 'java/lang/NoSuchMethodError'{0x0000000621ec4838}: 'void java.lang.invoke.DirectMethodHandle$Holder.invokeStaticInit(java.lang.Object)'> (0x0000000621ec4838) 
thrown [s\open\src\hotspot\share\interpreter\linkResolver.cpp, line 796]
Event: 0.244 Thread 0x000002cf2ae058b0 Exception <a 'java/lang/NoSuchMethodError'{0x0000000621d04ab8}: 'void java.lang.invoke.DirectMethodHandle$Holder.invokeVirtual(java.lang.Object, java.lang.Object)'> (0x0000000621d04ab8) 
thrown [s\open\src\hotspot\share\interpreter\linkResolver.cpp, line 796]

VM Operations (10 events):
Event: 0.055 Executing VM operation: HandshakeAllThreads (Deoptimize)
Event: 0.055 Executing VM operation: HandshakeAllThreads (Deoptimize) done
Event: 0.182 Executing VM operation: HandshakeAllThreads (Deoptimize)
Event: 0.182 Executing VM operation: HandshakeAllThreads (Deoptimize) done
Event: 0.190 Executing VM operation: HandshakeAllThreads (Deoptimize)
Event: 0.190 Executing VM operation: HandshakeAllThreads (Deoptimize) done
Event: 60.054 Executing VM operation: HandshakeAllThreads (HandshakeForDeflation)
Event: 60.054 Executing VM operation: HandshakeAllThreads (HandshakeForDeflation) done
Event: 60.054 Executing VM operation: RendezvousGCThreads
Event: 60.054 Executing VM operation: RendezvousGCThreads done

Memory protections (0 events):
No events

Nmethod flushes (0 events):
No events

Events (20 events):
Event: 0.019 Thread 0x000002cf055e94e0 Thread added: 0x000002cf27a029f0
Event: 0.019 Thread 0x000002cf055e94e0 Thread added: 0x000002cf27a03950
Event: 0.019 Thread 0x000002cf055e94e0 Thread added: 0x000002cf27a098d0
Event: 0.019 Thread 0x000002cf055e94e0 Thread added: 0x000002cf27a0c690
Event: 0.023 Thread 0x000002cf27a0c690 Thread added: 0x000002cf2ac0dbf0
Event: 0.024 Thread 0x000002cf27a0c690 Thread added: 0x000002cf2ac46300
Event: 0.025 Thread 0x000002cf055e94e0 Thread added: 0x000002cf2ac626c0
Event: 0.026 Thread 0x000002cf055e94e0 Thread added: 0x000002cf2ac66dd0
Event: 0.072 Thread 0x000002cf055e94e0 Thread added: 0x000002cf2adf68c0
Event: 0.073 Thread 0x000002cf055e94e0 Thread added: 0x000002cf2ae02370
Event: 0.073 Thread 0x000002cf055e94e0 Thread added: 0x000002cf2ae058b0
Event: 0.198 Thread 0x000002cf055e94e0 Thread added: 0x000002cf7114ffd0
Event: 0.247 Thread 0x000002cf055e94e0 Thread exited: 0x000002cf055e94e0
Event: 0.247 Thread 0x000002cf055e94e0 Thread added: 0x000002cf055e94e0
Event: 0.251 Thread 0x000002cf7114ffd0 Thread added: 0x000002cf7120b900
Event: 0.805 Thread 0x000002cf7114ffd0 Thread added: 0x000002cf712f4410
Event: 8.510 Thread 0x000002cf2ac46300 Thread exited: 0x000002cf2ac46300
Event: 8.510 Thread 0x000002cf2ac0dbf0 Thread exited: 0x000002cf2ac0dbf0
Event: 248.684 Thread 0x000002cf27a0c690 Thread added: 0x000002cf70f51510
Event: 253.692 Thread 0x000002cf70f51510 Thread exited: 0x000002cf70f51510


Dynamic libraries:
0x00007ff654e30000 - 0x00007ff654e40000 	C:\Program Files\Java\jdk-23\bin\javaw.exe
0x00007fff6acb0000 - 0x00007fff6aec7000 	C:\WINDOWS\SYSTEM32\ntdll.dll
0x00007fff69d00000 - 0x00007fff69dc4000 	C:\WINDOWS\System32\KERNEL32.DLL
0x00007fff68120000 - 0x00007fff684d9000 	C:\WINDOWS\System32\KERNELBASE.dll
0x00007fff68800000 - 0x00007fff68911000 	C:\WINDOWS\System32\ucrtbase.dll
0x00007fff5ac00000 - 0x00007fff5ac1b000 	C:\Program Files\Java\jdk-23\bin\VCRUNTIME140.dll
0x00007fff5abe0000 - 0x00007fff5abf7000 	C:\Program Files\Java\jdk-23\bin\jli.dll
0x00007fff68ae0000 - 0x00007fff68c8e000 	C:\WINDOWS\System32\USER32.dll
0x00007fff68920000 - 0x00007fff68946000 	C:\WINDOWS\System32\win32u.dll
0x00007fff56640000 - 0x00007fff568d2000 	C:\WINDOWS\WinSxS\amd64_microsoft.windows.common-controls_6595b64144ccf1df_6.0.22621.4391_none_2715d37f73803e96\COMCTL32.dll
0x00007fff69df0000 - 0x00007fff69e19000 	C:\WINDOWS\System32\GDI32.dll
0x00007fff68d90000 - 0x00007fff68e37000 	C:\WINDOWS\System32\msvcrt.dll
0x00007fff686b0000 - 0x00007fff687cb000 	C:\WINDOWS\System32\gdi32full.dll
0x00007fff684e0000 - 0x00007fff6857a000 	C:\WINDOWS\System32\msvcp_win.dll
0x00007fff689f0000 - 0x00007fff68a21000 	C:\WINDOWS\System32\IMM32.DLL
0x00007fff5b270000 - 0x00007fff5b27c000 	C:\Program Files\Java\jdk-23\bin\vcruntime140_1.dll
0x00007fff44c70000 - 0x00007fff44cfe000 	C:\Program Files\Java\jdk-23\bin\msvcp140.dll
0x00007ffeee230000 - 0x00007ffeeef7f000 	C:\Program Files\Java\jdk-23\bin\server\jvm.dll
0x00007fff68fa0000 - 0x00007fff69052000 	C:\WINDOWS\System32\ADVAPI32.dll
0x00007fff68a30000 - 0x00007fff68ad7000 	C:\WINDOWS\System32\sechost.dll
0x00007fff687d0000 - 0x00007fff687f8000 	C:\WINDOWS\System32\bcrypt.dll
0x00007fff69e20000 - 0x00007fff69f34000 	C:\WINDOWS\System32\RPCRT4.dll
0x00007fff6a880000 - 0x00007fff6a8f1000 	C:\WINDOWS\System32\WS2_32.dll
0x00007fff66e00000 - 0x00007fff66e4d000 	C:\WINDOWS\SYSTEM32\POWRPROF.dll
0x00007fff60740000 - 0x00007fff60774000 	C:\WINDOWS\SYSTEM32\WINMM.dll
0x00007fff5f300000 - 0x00007fff5f30a000 	C:\WINDOWS\SYSTEM32\VERSION.dll
0x00007fff66de0000 - 0x00007fff66df3000 	C:\WINDOWS\SYSTEM32\UMPDC.dll
0x00007fff670a0000 - 0x00007fff670b8000 	C:\WINDOWS\SYSTEM32\kernel.appcore.dll
0x00007fff5abd0000 - 0x00007fff5abda000 	C:\Program Files\Java\jdk-23\bin\jimage.dll
0x00007fff65780000 - 0x00007fff659b2000 	C:\WINDOWS\SYSTEM32\DBGHELP.DLL
0x00007fff69070000 - 0x00007fff693ff000 	C:\WINDOWS\System32\combase.dll
0x00007fff6ab90000 - 0x00007fff6ac67000 	C:\WINDOWS\System32\OLEAUT32.dll
0x00007fff47320000 - 0x00007fff47352000 	C:\WINDOWS\SYSTEM32\dbgcore.DLL
0x00007fff68950000 - 0x00007fff689cb000 	C:\WINDOWS\System32\bcryptPrimitives.dll
0x00007fff5a780000 - 0x00007fff5a79e000 	C:\Program Files\Java\jdk-23\bin\java.dll
0x00007fff69b30000 - 0x00007fff69cd5000 	C:\WINDOWS\System32\ole32.dll
0x00007fff69ff0000 - 0x00007fff6a866000 	C:\WINDOWS\System32\SHELL32.dll
0x00007fff65ea0000 - 0x00007fff667a3000 	C:\WINDOWS\SYSTEM32\windows.storage.dll
0x00007fff65d60000 - 0x00007fff65e9f000 	C:\WINDOWS\SYSTEM32\wintypes.dll
0x00007fff68e40000 - 0x00007fff68f39000 	C:\WINDOWS\System32\SHCORE.dll
0x00007fff69ad0000 - 0x00007fff69b2e000 	C:\WINDOWS\System32\shlwapi.dll
0x00007fff67ee0000 - 0x00007fff67f0b000 	C:\WINDOWS\SYSTEM32\profapi.dll
0x00007fff2d060000 - 0x00007fff2d137000 	C:\Program Files\Java\jdk-23\bin\jsvml.dll
0x00007fff2c0e0000 - 0x00007fff2c26e000 	C:\Program Files\Java\jdk-23\bin\awt.dll
0x00007fff64230000 - 0x00007fff642c7000 	C:\WINDOWS\SYSTEM32\apphelp.dll
0x00007fff65210000 - 0x00007fff6523b000 	C:\WINDOWS\system32\DWMAPI.DLL
0x00007fff64f70000 - 0x00007fff65021000 	C:\WINDOWS\system32\uxtheme.dll
0x00007fff2cd30000 - 0x00007fff2ce30000 	C:\WINDOWS\system32\opengl32.dll
0x00007fff60a80000 - 0x00007fff60aad000 	C:\WINDOWS\SYSTEM32\GLU32.dll
0x00007fff650a0000 - 0x00007fff650d7000 	C:\WINDOWS\SYSTEM32\dxcore.dll
0x00007fff6a9b0000 - 0x00007fff6ab10000 	C:\WINDOWS\System32\MSCTF.dll
0x00007fff678b0000 - 0x00007fff678c2000 	C:\WINDOWS\SYSTEM32\msasn1.dll
0x00007fff5f2c0000 - 0x00007fff5f2f2000 	C:\WINDOWS\SYSTEM32\cryptnet.dll
0x00007fff67fb0000 - 0x00007fff68116000 	C:\WINDOWS\System32\CRYPT32.dll
0x00007fff67840000 - 0x00007fff6784c000 	C:\WINDOWS\SYSTEM32\cryptbase.dll
0x00007fff67790000 - 0x00007fff677d9000 	C:\WINDOWS\SYSTEM32\wldp.dll
0x00007fff5f150000 - 0x00007fff5f2b2000 	C:\WINDOWS\SYSTEM32\drvstore.dll
0x00007fff67c70000 - 0x00007fff67c9c000 	C:\WINDOWS\SYSTEM32\devobj.dll
0x00007fff67ca0000 - 0x00007fff67cee000 	C:\WINDOWS\SYSTEM32\cfgmgr32.dll
0x00007fff68640000 - 0x00007fff686ac000 	C:\WINDOWS\System32\wintrust.dll
0x00007fff69ce0000 - 0x00007fff69cff000 	C:\WINDOWS\System32\imagehlp.dll
0x00007fff67860000 - 0x00007fff6787b000 	C:\WINDOWS\SYSTEM32\CRYPTSP.dll
0x00007fff67000000 - 0x00007fff67035000 	C:\WINDOWS\system32\rsaenh.dll
0x00007fff67580000 - 0x00007fff675a6000 	C:\WINDOWS\SYSTEM32\gpapi.dll
0x00007fff37b70000 - 0x00007fff37cc5000 	C:\WINDOWS\System32\DriverStore\FileRepository\nv_dispi.inf_amd64_78cd02ab022cd554\nvppex.dll
0x00007ffea2ee0000 - 0x00007ffea2f67000 	C:\Program Files\Java\jdk-23\bin\freetype.dll
0x00007ffea2a30000 - 0x00007ffea2b07000 	C:\Program Files\Java\jdk-23\bin\fontmanager.dll
0x00007fff52dc0000 - 0x00007fff52dd0000 	C:\Program Files\Java\jdk-23\bin\net.dll
0x00007fff67510000 - 0x00007fff67579000 	C:\WINDOWS\system32\mswsock.dll
0x00007fff4dfe0000 - 0x00007fff4dff6000 	C:\Program Files\Java\jdk-23\bin\nio.dll
0x00007fff439e0000 - 0x00007fff43b25000 	C:\WINDOWS\SYSTEM32\textinputframework.dll
0x00007fff637b0000 - 0x00007fff638e3000 	C:\WINDOWS\SYSTEM32\CoreMessaging.dll
0x00007fff5f310000 - 0x00007fff5f67d000 	C:\WINDOWS\SYSTEM32\CoreUIComponents.dll

dbghelp: loaded successfully - version: 4.0.5 - missing functions: none
symbol engine: initialized successfully - sym options: 0x614 - pdb path: .;C:\Program Files\Java\jdk-23\bin;C:\WINDOWS\SYSTEM32;C:\WINDOWS\WinSxS\amd64_microsoft.windows.common-controls_6595b64144ccf1df_6.0.22621.4391_none_2715d37f73803e96;C:\Program Files\Java\jdk-23\bin\server;C:\WINDOWS\System32\DriverStore\FileRepository\nv_dispi.inf_amd64_78cd02ab022cd554

VM Arguments:
jvm_args: -Dfile.encoding=UTF-8 -Dstdout.encoding=UTF-8 -Dstderr.encoding=UTF-8 -XX:+ShowCodeDetailsInExceptionMessages 
java_command: uniandes.dpoo.swing.interfaz.principal.VentanaPrincipal
java_class_path (initial): C:\Users\dialm\Downloads\Taller Swing Restaurantes Esqueleto\Taller Swing Restaurantes Esqueleto\bin
Launcher Type: SUN_STANDARD

[Global flags]
     intx CICompilerCount                          = 12                                        {product} {ergonomic}
     uint ConcGCThreads                            = 4                                         {product} {ergonomic}
     uint G1ConcRefinementThreads                  = 15                                        {product} {ergonomic}
   size_t G1HeapRegionSize                         = 4194304                                   {product} {ergonomic}
   size_t InitialHeapSize                          = 536870912                                 {product} {ergonomic}
   size_t MarkStackSize                            = 4194304                                   {product} {ergonomic}
   size_t MarkStackSizeMax                         = 536870912                                 {product} {ergonomic}
   size_t MaxHeapSize                              = 8552185856                                {product} {ergonomic}
   size_t MaxNewSize                               = 5129633792                                {product} {ergonomic}
   size_t MinHeapDeltaBytes                        = 4194304                                   {product} {ergonomic}
   size_t MinHeapSize                              = 8388608                                   {product} {ergonomic}
    uintx NonNMethodCodeHeapSize                   = 7602176                                {pd product} {ergonomic}
    uintx NonProfiledCodeHeapSize                  = 122093568                              {pd product} {ergonomic}
    uintx ProfiledCodeHeapSize                     = 121962496                              {pd product} {ergonomic}
    uintx ReservedCodeCacheSize                    = 251658240                              {pd product} {ergonomic}
     bool SegmentedCodeCache                       = true                                      {product} {ergonomic}
     bool ShowCodeDetailsInExceptionMessages       = true                                   {manageable} {command line}
   size_t SoftMaxHeapSize                          = 8552185856                             {manageable} {ergonomic}
     bool UseCompressedOops                        = true                           {product lp64_product} {ergonomic}
     bool UseG1GC                                  = true                                      {product} {ergonomic}
     bool UseLargePagesIndividualAllocation        = false                                  {pd product} {ergonomic}

Logging:
Log output configuration:
 #0: stdout all=warning uptime,level,tags foldmultilines=false
 #1: stderr all=off uptime,level,tags foldmultilines=false

Environment Variables:
PATH=C:/Program Files/Java/jdk-23/bin/server;C:/Program Files/Java/jdk-23/bin;C:\Program Files\Common Files\Oracle\Java\javapath;C:\WINDOWS\system32;C:\WINDOWS;C:\WINDOWS\System32\Wbem;C:\WINDOWS\System32\WindowsPowerShell\v1.0\;C:\WINDOWS\System32\OpenSSH\;C:\Program Files\Git\cmd;C:\Program Files\GitHub CLI\;C:\Program Files\PowerShell\7\;C:\Users\dialm\AppData\Local\Microsoft\WindowsApps;C:\Users\dialm\AppData\Local\Programs\Microsoft VS Code\bin;C:\WINDOWS\System32;
USERNAME=dialm
OS=Windows_NT
PROCESSOR_IDENTIFIER=Intel64 Family 6 Model 183 Stepping 1, GenuineIntel
TMP=C:\Users\dialm\AppData\Local\Temp
TEMP=C:\Users\dialm\AppData\Local\Temp




Periodic native trim disabled

---------------  S Y S T E M  ---------------

OS:
 Windows 11 , 64 bit Build 22621 (10.0.22621.4391)
OS uptime: 18 days 22:57 hours
Hyper-V role detected

CPU: total 20 (initial active 20) (10 cores per cpu, 2 threads per core) family 6 model 183 stepping 1 microcode 0x11d, cx8, cmov, fxsr, ht, mmx, 3dnowpref, sse, sse2, sse3, ssse3, sse4.1, sse4.2, popcnt, lzcnt, tsc, tscinvbit, avx, avx2, aes, erms, clmul, bmi1, bmi2, adx, sha, fma, vzeroupper, clflush, clflushopt, clwb, hv, serialize, rdtscp, rdpid, fsrm, gfni, f16c, cet_ibt, cet_ss
Processor Information for the first 20 processors :
  Max Mhz: 3500, Current Mhz: 3500, Mhz Limit: 3500

Memory: 4k page, system-wide physical 32616M (12466M free)
TotalPageFile size 40040M (AvailPageFile size 6655M)
current process WorkingSet (physical memory assigned to process): 70M, peak: 80M
current process commit charge ("private bytes"): 635M, peak: 657M

vm_info: Java HotSpot(TM) 64-Bit Server VM (23+37-2369) for windows-amd64 JRE (23+37-2369), built on 2024-08-20T16:01:23Z with MS VC++ 17.6 (VS2022)

END.
